============================= test session starts =============================
platform win32 -- Python 3.13.9, pytest-9.1.1, pluggy-1.6.0 -- C:\Users\carlo\Desktop\papercrew\.venv\Scripts\python.exe
cachedir: .pytest_cache
rootdir: C:\Users\carlo\Desktop\papercrew\backend
plugins: anyio-4.14.2
collecting ... collected 41 items

tests/test_api.py::test_health PASSED                                    [  2%]
tests/test_api.py::test_default_company_has_a_crew_with_a_ceo PASSED     [  4%]
tests/test_api.py::test_agent_crud PASSED                                [  7%]
tests/test_api.py::test_task_validation PASSED                           [  9%]
tests/test_api.py::test_run_completes_with_metrics PASSED                [ 12%]
tests/test_api.py::test_dependency_blocking_and_context PASSED           [ 14%]
tests/test_api.py::test_approve_and_reject_flow PASSED                   [ 17%]
tests/test_api.py::test_comments_crud PASSED                             [ 19%]
tests/test_api.py::test_chat_creates_dependency_chained_plan PASSED      [ 21%]
tests/test_api.py::test_routines_crud_and_fire PASSED                    [ 24%]
tests/test_api.py::test_events_and_stats PASSED                          [ 26%]
tests/test_api.py::test_settings_roundtrip PASSED                        [ 29%]
tests/test_autonomy.py::test_company_creation_builds_crew_and_first_goal PASSED [ 31%]
tests/test_autonomy.py::test_crew_is_tailored_to_each_business PASSED    [ 34%]
tests/test_autonomy.py::test_company_creation_requires_an_api_key PASSED [ 36%]
tests/test_autonomy.py::test_skills_crud_and_generation PASSED           [ 39%]
tests/test_autonomy.py::test_skills_appear_in_run_log PASSED             [ 41%]
tests/test_autonomy.py::test_autopilot_works_goal_to_completion PASSED   [ 43%]
tests/test_autonomy.py::test_goal_pause_resume PASSED                    [ 46%]
tests/test_governance.py::test_hire_request_lifecycle PASSED             [ 48%]
tests/test_governance.py::test_plan_draft_and_convert PASSED             [ 51%]
tests/test_governance.py::test_task_priority_and_due_date PASSED         [ 53%]
tests/test_governance.py::test_inbox_aggregates_attention_items PASSED   [ 56%]
tests/test_governance.py::test_work_products_from_approved_tasks PASSED  [ 58%]
tests/test_governance.py::test_agent_stats PASSED                        [ 60%]
tests/test_governance.py::test_budget_blocks_runs PASSED                 [ 63%]
tests/test_governance.py::test_company_profile_roundtrip PASSED          [ 65%]
tests/test_multicompany.py::test_two_companies_are_isolated PASSED       [ 68%]
tests/test_multicompany.py::test_cross_company_access_is_blocked PASSED  [ 70%]
tests/test_multicompany.py::test_autopilots_run_in_parallel PASSED       [ 73%]
tests/test_multicompany.py::test_archive_stops_a_company_and_restore_brings_it_back PASSED [ 75%]
tests/test_multicompany.py::test_delete_company_removes_everything_it_owned PASSED [ 78%]
tests/test_multicompany.py::test_delete_missing_company_404 PASSED       [ 80%]
tests/test_multicompany.py::test_company_summary_counts PASSED           [ 82%]
tests/test_optimizer.py::test_estimate_tokens PASSED                     [ 85%]
tests/test_optimizer.py::test_compress_normalizes_and_dedupes PASSED     [ 87%]
tests/test_optimizer.py::test_compress_respects_budget_on_sentence_boundary PASSED [ 90%]
tests/test_optimizer.py::test_dependency_ids_parsing PASSED              [ 92%]
tests/test_optimizer.py::test_walk_graph_transitive_and_cycle_safe PASSED [ 95%]
tests/test_optimizer.py::test_build_context_compresses_and_reports_savings PASSED [ 97%]
tests/test_optimizer.py::test_build_context_empty_without_deps PASSED    [100%]

============================== warnings summary ===============================
..\.venv\Lib\site-packages\fastapi\testclient.py:1
  C:\Users\carlo\Desktop\papercrew\.venv\Lib\site-packages\fastapi\testclient.py:1: StarletteDeprecationWarning: Using `httpx` with `starlette.testclient` is deprecated; install `httpx2` instead.
    from starlette.testclient import TestClient as TestClient  # noqa

-- Docs: https://docs.pytest.org/en/stable/how-to/capture-warnings.html
======================== 41 passed, 1 warning in 9.22s ========================
